Started GET "/home" for 127.0.0.1 at 2018-05-30 15:03:22 -0300
  
ActionController::RoutingError (No route matches [GET] "/home"):
  
actionpack (5.2.0) lib/action_dispatch/middleware/debug_exceptions.rb:65:in `call'
web-console (3.6.2) lib/web_console/middleware.rb:135:in `call_app'
web-console (3.6.2) lib/web_console/middleware.rb:30:in `block in call'
web-console (3.6.2) lib/web_console/middleware.rb:20:in `catch'
web-console (3.6.2) lib/web_console/middleware.rb:20:in `call'
actionpack (5.2.0) lib/action_dispatch/middleware/show_exceptions.rb:33:in `call'
railties (5.2.0) lib/rails/rack/logger.rb:38:in `call_app'
railties (5.2.0) lib/rails/rack/logger.rb:26:in `block in call'
activesupport (5.2.0) lib/active_support/tagged_logging.rb:71:in `block in tagged'
activesupport (5.2.0) lib/active_support/tagged_logging.rb:28:in `tagged'
activesupport (5.2.0) lib/active_support/tagged_logging.rb:71:in `tagged'
railties (5.2.0) lib/rails/rack/logger.rb:26:in `call'
sprockets-rails (3.2.1) lib/sprockets/rails/quiet_assets.rb:13:in `call'
actionpack (5.2.0) lib/action_dispatch/middleware/remote_ip.rb:81:in `call'
actionpack (5.2.0) lib/action_dispatch/middleware/request_id.rb:27:in `call'
rack (2.0.5) lib/rack/method_override.rb:22:in `call'
rack (2.0.5) lib/rack/runtime.rb:22:in `call'
activesupport (5.2.0) lib/active_support/cache/strategy/local_cache_middleware.rb:29:in `call'
actionpack (5.2.0) lib/action_dispatch/middleware/executor.rb:14:in `call'
actionpack (5.2.0) lib/action_dispatch/middleware/static.rb:127:in `call'
rack (2.0.5) lib/rack/sendfile.rb:111:in `call'
railties (5.2.0) lib/rails/engine.rb:524:in `call'
puma (3.11.4) lib/puma/configuration.rb:225:in `call'
puma (3.11.4) lib/puma/server.rb:632:in `handle_request'
puma (3.11.4) lib/puma/server.rb:446:in `process_client'
puma (3.11.4) lib/puma/server.rb:306:in `block in run'
puma (3.11.4) lib/puma/thread_pool.rb:120:in `block in spawn_thread'
Started GET "/home" for 127.0.0.1 at 2018-05-30 15:03:30 -0300
  
ActionController::RoutingError (No route matches [GET] "/home"):
  
actionpack (5.2.0) lib/action_dispatch/middleware/debug_exceptions.rb:65:in `call'
web-console (3.6.2) lib/web_console/middleware.rb:135:in `call_app'
web-console (3.6.2) lib/web_console/middleware.rb:30:in `block in call'
web-console (3.6.2) lib/web_console/middleware.rb:20:in `catch'
web-console (3.6.2) lib/web_console/middleware.rb:20:in `call'
actionpack (5.2.0) lib/action_dispatch/middleware/show_exceptions.rb:33:in `call'
railties (5.2.0) lib/rails/rack/logger.rb:38:in `call_app'
railties (5.2.0) lib/rails/rack/logger.rb:26:in `block in call'
activesupport (5.2.0) lib/active_support/tagged_logging.rb:71:in `block in tagged'
activesupport (5.2.0) lib/active_support/tagged_logging.rb:28:in `tagged'
activesupport (5.2.0) lib/active_support/tagged_logging.rb:71:in `tagged'
railties (5.2.0) lib/rails/rack/logger.rb:26:in `call'
sprockets-rails (3.2.1) lib/sprockets/rails/quiet_assets.rb:13:in `call'
actionpack (5.2.0) lib/action_dispatch/middleware/remote_ip.rb:81:in `call'
actionpack (5.2.0) lib/action_dispatch/middleware/request_id.rb:27:in `call'
rack (2.0.5) lib/rack/method_override.rb:22:in `call'
rack (2.0.5) lib/rack/runtime.rb:22:in `call'
activesupport (5.2.0) lib/active_support/cache/strategy/local_cache_middleware.rb:29:in `call'
actionpack (5.2.0) lib/action_dispatch/middleware/executor.rb:14:in `call'
actionpack (5.2.0) lib/action_dispatch/middleware/static.rb:127:in `call'
rack (2.0.5) lib/rack/sendfile.rb:111:in `call'
railties (5.2.0) lib/rails/engine.rb:524:in `call'
puma (3.11.4) lib/puma/configuration.rb:225:in `call'
puma (3.11.4) lib/puma/server.rb:632:in `handle_request'
puma (3.11.4) lib/puma/server.rb:446:in `process_client'
puma (3.11.4) lib/puma/server.rb:306:in `block in run'
puma (3.11.4) lib/puma/thread_pool.rb:120:in `block in spawn_thread'
Started GET "/" for 127.0.0.1 at 2018-05-30 15:03:30 -0300
Processing by Rails::WelcomeController#index as HTML
Started GET "/" for 127.0.0.1 at 2018-05-30 15:03:31 -0300
Processing by Rails::WelcomeController#index as HTML
  Rendering /Users/dssp/.rvm/gems/ruby-2.4.1/gems/railties-5.2.0/lib/rails/templates/rails/welcome/index.html.erb
  Rendered /Users/dssp/.rvm/gems/ruby-2.4.1/gems/railties-5.2.0/lib/rails/templates/rails/welcome/index.html.erb (4.1ms)
Completed 200 OK in 23ms (Views: 14.1ms | ActiveRecord: 0.0ms)


  Rendering /Users/dssp/.rvm/gems/ruby-2.4.1/gems/railties-5.2.0/lib/rails/templates/rails/welcome/index.html.erb
  Rendered /Users/dssp/.rvm/gems/ruby-2.4.1/gems/railties-5.2.0/lib/rails/templates/rails/welcome/index.html.erb (0.5ms)
Completed 200 OK in 51ms (Views: 17.2ms | ActiveRecord: 0.0ms)


Started GET "/" for 127.0.0.1 at 2018-05-30 15:06:54 -0300
Processing by Rails::WelcomeController#index as HTML
  Rendering /Users/dssp/.rvm/gems/ruby-2.4.1/gems/railties-5.2.0/lib/rails/templates/rails/welcome/index.html.erb
  Rendered /Users/dssp/.rvm/gems/ruby-2.4.1/gems/railties-5.2.0/lib/rails/templates/rails/welcome/index.html.erb (3.6ms)
Completed 200 OK in 30ms (Views: 20.7ms | ActiveRecord: 0.0ms)


Started GET "/" for 127.0.0.1 at 2018-05-30 15:07:24 -0300
Processing by Rails::WelcomeController#index as HTML
  Rendering /Users/dssp/.rvm/gems/ruby-2.4.1/gems/railties-5.2.0/lib/rails/templates/rails/welcome/index.html.erb
  Rendered /Users/dssp/.rvm/gems/ruby-2.4.1/gems/railties-5.2.0/lib/rails/templates/rails/welcome/index.html.erb (3.4ms)
Completed 200 OK in 15ms (Views: 9.2ms | ActiveRecord: 0.0ms)


Started GET "/home" for 127.0.0.1 at 2018-05-30 15:07:27 -0300
  
ActionController::RoutingError (No route matches [GET] "/home"):
  
actionpack (5.2.0) lib/action_dispatch/middleware/debug_exceptions.rb:65:in `call'
web-console (3.6.2) lib/web_console/middleware.rb:135:in `call_app'
web-console (3.6.2) lib/web_console/middleware.rb:30:in `block in call'
web-console (3.6.2) lib/web_console/middleware.rb:20:in `catch'
web-console (3.6.2) lib/web_console/middleware.rb:20:in `call'
actionpack (5.2.0) lib/action_dispatch/middleware/show_exceptions.rb:33:in `call'
railties (5.2.0) lib/rails/rack/logger.rb:38:in `call_app'
railties (5.2.0) lib/rails/rack/logger.rb:26:in `block in call'
activesupport (5.2.0) lib/active_support/tagged_logging.rb:71:in `block in tagged'
activesupport (5.2.0) lib/active_support/tagged_logging.rb:28:in `tagged'
activesupport (5.2.0) lib/active_support/tagged_logging.rb:71:in `tagged'
railties (5.2.0) lib/rails/rack/logger.rb:26:in `call'
sprockets-rails (3.2.1) lib/sprockets/rails/quiet_assets.rb:13:in `call'
actionpack (5.2.0) lib/action_dispatch/middleware/remote_ip.rb:81:in `call'
actionpack (5.2.0) lib/action_dispatch/middleware/request_id.rb:27:in `call'
rack (2.0.5) lib/rack/method_override.rb:22:in `call'
rack (2.0.5) lib/rack/runtime.rb:22:in `call'
activesupport (5.2.0) lib/active_support/cache/strategy/local_cache_middleware.rb:29:in `call'
actionpack (5.2.0) lib/action_dispatch/middleware/executor.rb:14:in `call'
actionpack (5.2.0) lib/action_dispatch/middleware/static.rb:127:in `call'
rack (2.0.5) lib/rack/sendfile.rb:111:in `call'
railties (5.2.0) lib/rails/engine.rb:524:in `call'
puma (3.11.4) lib/puma/configuration.rb:225:in `call'
puma (3.11.4) lib/puma/server.rb:632:in `handle_request'
puma (3.11.4) lib/puma/server.rb:446:in `process_client'
puma (3.11.4) lib/puma/server.rb:306:in `block in run'
puma (3.11.4) lib/puma/thread_pool.rb:120:in `block in spawn_thread'
Started GET "/home" for 127.0.0.1 at 2018-05-30 15:07:28 -0300
  
ActionController::RoutingError (No route matches [GET] "/home"):
  
actionpack (5.2.0) lib/action_dispatch/middleware/debug_exceptions.rb:65:in `call'
web-console (3.6.2) lib/web_console/middleware.rb:135:in `call_app'
web-console (3.6.2) lib/web_console/middleware.rb:30:in `block in call'
web-console (3.6.2) lib/web_console/middleware.rb:20:in `catch'
web-console (3.6.2) lib/web_console/middleware.rb:20:in `call'
actionpack (5.2.0) lib/action_dispatch/middleware/show_exceptions.rb:33:in `call'
railties (5.2.0) lib/rails/rack/logger.rb:38:in `call_app'
railties (5.2.0) lib/rails/rack/logger.rb:26:in `block in call'
activesupport (5.2.0) lib/active_support/tagged_logging.rb:71:in `block in tagged'
activesupport (5.2.0) lib/active_support/tagged_logging.rb:28:in `tagged'
activesupport (5.2.0) lib/active_support/tagged_logging.rb:71:in `tagged'
railties (5.2.0) lib/rails/rack/logger.rb:26:in `call'
sprockets-rails (3.2.1) lib/sprockets/rails/quiet_assets.rb:13:in `call'
actionpack (5.2.0) lib/action_dispatch/middleware/remote_ip.rb:81:in `call'
actionpack (5.2.0) lib/action_dispatch/middleware/request_id.rb:27:in `call'
rack (2.0.5) lib/rack/method_override.rb:22:in `call'
rack (2.0.5) lib/rack/runtime.rb:22:in `call'
activesupport (5.2.0) lib/active_support/cache/strategy/local_cache_middleware.rb:29:in `call'
actionpack (5.2.0) lib/action_dispatch/middleware/executor.rb:14:in `call'
actionpack (5.2.0) lib/action_dispatch/middleware/static.rb:127:in `call'
rack (2.0.5) lib/rack/sendfile.rb:111:in `call'
railties (5.2.0) lib/rails/engine.rb:524:in `call'
puma (3.11.4) lib/puma/configuration.rb:225:in `call'
puma (3.11.4) lib/puma/server.rb:632:in `handle_request'
puma (3.11.4) lib/puma/server.rb:446:in `process_client'
puma (3.11.4) lib/puma/server.rb:306:in `block in run'
puma (3.11.4) lib/puma/thread_pool.rb:120:in `block in spawn_thread'
Started GET "/" for 127.0.0.1 at 2018-05-30 15:11:55 -0300
Processing by Rails::WelcomeController#index as HTML
  Rendering /Users/dssp/.rvm/gems/ruby-2.4.1/gems/railties-5.2.0/lib/rails/templates/rails/welcome/index.html.erb
  Rendered /Users/dssp/.rvm/gems/ruby-2.4.1/gems/railties-5.2.0/lib/rails/templates/rails/welcome/index.html.erb (3.7ms)
Completed 200 OK in 15ms (Views: 9.6ms | ActiveRecord: 0.0ms)


Started GET "/" for 127.0.0.1 at 2018-05-30 15:11:55 -0300
Processing by Rails::WelcomeController#index as HTML
  Rendering /Users/dssp/.rvm/gems/ruby-2.4.1/gems/railties-5.2.0/lib/rails/templates/rails/welcome/index.html.erb
  Rendered /Users/dssp/.rvm/gems/ruby-2.4.1/gems/railties-5.2.0/lib/rails/templates/rails/welcome/index.html.erb (3.4ms)
Completed 200 OK in 16ms (Views: 10.0ms | ActiveRecord: 0.0ms)


Started GET "/" for 127.0.0.1 at 2018-05-30 15:12:02 -0300
Processing by Rails::WelcomeController#index as HTML
  Rendering /Users/dssp/.rvm/gems/ruby-2.4.1/gems/railties-5.2.0/lib/rails/templates/rails/welcome/index.html.erb
  Rendered /Users/dssp/.rvm/gems/ruby-2.4.1/gems/railties-5.2.0/lib/rails/templates/rails/welcome/index.html.erb (3.5ms)
Completed 200 OK in 19ms (Views: 10.6ms | ActiveRecord: 0.0ms)


Started GET "/index" for 127.0.0.1 at 2018-05-30 15:12:09 -0300
  
ActionController::RoutingError (No route matches [GET] "/index"):
  
actionpack (5.2.0) lib/action_dispatch/middleware/debug_exceptions.rb:65:in `call'
web-console (3.6.2) lib/web_console/middleware.rb:135:in `call_app'
web-console (3.6.2) lib/web_console/middleware.rb:30:in `block in call'
web-console (3.6.2) lib/web_console/middleware.rb:20:in `catch'
web-console (3.6.2) lib/web_console/middleware.rb:20:in `call'
actionpack (5.2.0) lib/action_dispatch/middleware/show_exceptions.rb:33:in `call'
railties (5.2.0) lib/rails/rack/logger.rb:38:in `call_app'
railties (5.2.0) lib/rails/rack/logger.rb:26:in `block in call'
activesupport (5.2.0) lib/active_support/tagged_logging.rb:71:in `block in tagged'
activesupport (5.2.0) lib/active_support/tagged_logging.rb:28:in `tagged'
activesupport (5.2.0) lib/active_support/tagged_logging.rb:71:in `tagged'
railties (5.2.0) lib/rails/rack/logger.rb:26:in `call'
sprockets-rails (3.2.1) lib/sprockets/rails/quiet_assets.rb:13:in `call'
actionpack (5.2.0) lib/action_dispatch/middleware/remote_ip.rb:81:in `call'
actionpack (5.2.0) lib/action_dispatch/middleware/request_id.rb:27:in `call'
rack (2.0.5) lib/rack/method_override.rb:22:in `call'
rack (2.0.5) lib/rack/runtime.rb:22:in `call'
activesupport (5.2.0) lib/active_support/cache/strategy/local_cache_middleware.rb:29:in `call'
actionpack (5.2.0) lib/action_dispatch/middleware/executor.rb:14:in `call'
actionpack (5.2.0) lib/action_dispatch/middleware/static.rb:127:in `call'
rack (2.0.5) lib/rack/sendfile.rb:111:in `call'
railties (5.2.0) lib/rails/engine.rb:524:in `call'
puma (3.11.4) lib/puma/configuration.rb:225:in `call'
puma (3.11.4) lib/puma/server.rb:632:in `handle_request'
puma (3.11.4) lib/puma/server.rb:446:in `process_client'
puma (3.11.4) lib/puma/server.rb:306:in `block in run'
puma (3.11.4) lib/puma/thread_pool.rb:120:in `block in spawn_thread'
Started GET "/" for 127.0.0.1 at 2018-05-30 15:21:12 -0300
Processing by Rails::WelcomeController#index as HTML
  Rendering /Users/dssp/.rvm/gems/ruby-2.4.1/gems/railties-5.2.0/lib/rails/templates/rails/welcome/index.html.erb
  Rendered /Users/dssp/.rvm/gems/ruby-2.4.1/gems/railties-5.2.0/lib/rails/templates/rails/welcome/index.html.erb (3.1ms)
Completed 200 OK in 15ms (Views: 8.9ms | ActiveRecord: 0.0ms)


Started GET "/home" for 127.0.0.1 at 2018-05-30 15:21:14 -0300
  
ActionController::RoutingError (No route matches [GET] "/home"):
  
actionpack (5.2.0) lib/action_dispatch/middleware/debug_exceptions.rb:65:in `call'
web-console (3.6.2) lib/web_console/middleware.rb:135:in `call_app'
web-console (3.6.2) lib/web_console/middleware.rb:30:in `block in call'
web-console (3.6.2) lib/web_console/middleware.rb:20:in `catch'
web-console (3.6.2) lib/web_console/middleware.rb:20:in `call'
actionpack (5.2.0) lib/action_dispatch/middleware/show_exceptions.rb:33:in `call'
railties (5.2.0) lib/rails/rack/logger.rb:38:in `call_app'
railties (5.2.0) lib/rails/rack/logger.rb:26:in `block in call'
activesupport (5.2.0) lib/active_support/tagged_logging.rb:71:in `block in tagged'
activesupport (5.2.0) lib/active_support/tagged_logging.rb:28:in `tagged'
activesupport (5.2.0) lib/active_support/tagged_logging.rb:71:in `tagged'
railties (5.2.0) lib/rails/rack/logger.rb:26:in `call'
sprockets-rails (3.2.1) lib/sprockets/rails/quiet_assets.rb:13:in `call'
actionpack (5.2.0) lib/action_dispatch/middleware/remote_ip.rb:81:in `call'
actionpack (5.2.0) lib/action_dispatch/middleware/request_id.rb:27:in `call'
rack (2.0.5) lib/rack/method_override.rb:22:in `call'
rack (2.0.5) lib/rack/runtime.rb:22:in `call'
activesupport (5.2.0) lib/active_support/cache/strategy/local_cache_middleware.rb:29:in `call'
actionpack (5.2.0) lib/action_dispatch/middleware/executor.rb:14:in `call'
actionpack (5.2.0) lib/action_dispatch/middleware/static.rb:127:in `call'
rack (2.0.5) lib/rack/sendfile.rb:111:in `call'
railties (5.2.0) lib/rails/engine.rb:524:in `call'
puma (3.11.4) lib/puma/configuration.rb:225:in `call'
puma (3.11.4) lib/puma/server.rb:632:in `handle_request'
puma (3.11.4) lib/puma/server.rb:446:in `process_client'
puma (3.11.4) lib/puma/server.rb:306:in `block in run'
puma (3.11.4) lib/puma/thread_pool.rb:120:in `block in spawn_thread'
Started GET "/home/index" for 127.0.0.1 at 2018-05-30 15:21:23 -0300
Processing by HomeController#index as HTML
  Rendering home/index.html.erb within layouts/application
  Rendered home/index.html.erb within layouts/application (0.5ms)
Completed 200 OK in 1820ms (Views: 1806.6ms | ActiveRecord: 0.0ms)


Started GET "/home/index" for 127.0.0.1 at 2018-05-31 12:09:19 -0300
Processing by HomeController#index as HTML
  Rendering home/index.html.erb within layouts/application
  Rendered home/index.html.erb within layouts/application (5.9ms)
Completed 200 OK in 808ms (Views: 776.5ms | ActiveRecord: 0.0ms)


Started GET "/home/index" for 127.0.0.1 at 2018-05-31 13:28:19 -0300
Processing by HomeController#index as HTML
  Rendering home/index.html.erb within layouts/application
  Rendered home/index.html.erb within layouts/application (0.5ms)
Completed 200 OK in 396ms (Views: 385.1ms | ActiveRecord: 0.0ms)


Started GET "/home/index" for 127.0.0.1 at 2018-05-31 13:30:26 -0300
Processing by HomeController#index as HTML
  Rendering home/index.html.erb within layouts/application
  Rendered home/index.html.erb within layouts/application (0.5ms)
Completed 200 OK in 235ms (Views: 226.8ms | ActiveRecord: 0.0ms)


Started GET "/home/index" for 127.0.0.1 at 2018-05-31 13:32:53 -0300
Processing by HomeController#index as HTML
  Rendering home/index.html.erb within layouts/application
  Rendered home/index.html.erb within layouts/application (1.2ms)
Completed 200 OK in 249ms (Views: 241.5ms | ActiveRecord: 0.0ms)


Started GET "/home/index" for 127.0.0.1 at 2018-05-31 13:32:56 -0300
Processing by HomeController#index as HTML
  Rendering home/index.html.erb within layouts/application
  Rendered home/index.html.erb within layouts/application (0.5ms)
Completed 200 OK in 99ms (Views: 90.5ms | ActiveRecord: 0.0ms)


Started GET "/home/index" for 127.0.0.1 at 2018-05-31 13:33:55 -0300
Processing by HomeController#index as HTML
  Rendering home/index.html.erb within layouts/application
  Rendered home/index.html.erb within layouts/application (1.0ms)
Completed 200 OK in 97ms (Views: 85.6ms | ActiveRecord: 0.0ms)


Started GET "/home/index" for 127.0.0.1 at 2018-05-31 13:36:39 -0300
Processing by HomeController#index as HTML
  Rendering home/index.html.erb within layouts/application
  Rendered home/index.html.erb within layouts/application (1.2ms)
Completed 200 OK in 103ms (Views: 95.1ms | ActiveRecord: 0.0ms)


Started GET "/images/rock-paper-scissors.png" for 127.0.0.1 at 2018-05-31 13:36:40 -0300
  
ActionController::RoutingError (No route matches [GET] "/images/rock-paper-scissors.png"):
  
actionpack (5.2.0) lib/action_dispatch/middleware/debug_exceptions.rb:65:in `call'
web-console (3.6.2) lib/web_console/middleware.rb:135:in `call_app'
web-console (3.6.2) lib/web_console/middleware.rb:30:in `block in call'
web-console (3.6.2) lib/web_console/middleware.rb:20:in `catch'
web-console (3.6.2) lib/web_console/middleware.rb:20:in `call'
actionpack (5.2.0) lib/action_dispatch/middleware/show_exceptions.rb:33:in `call'
railties (5.2.0) lib/rails/rack/logger.rb:38:in `call_app'
railties (5.2.0) lib/rails/rack/logger.rb:26:in `block in call'
activesupport (5.2.0) lib/active_support/tagged_logging.rb:71:in `block in tagged'
activesupport (5.2.0) lib/active_support/tagged_logging.rb:28:in `tagged'
activesupport (5.2.0) lib/active_support/tagged_logging.rb:71:in `tagged'
railties (5.2.0) lib/rails/rack/logger.rb:26:in `call'
sprockets-rails (3.2.1) lib/sprockets/rails/quiet_assets.rb:13:in `call'
actionpack (5.2.0) lib/action_dispatch/middleware/remote_ip.rb:81:in `call'
actionpack (5.2.0) lib/action_dispatch/middleware/request_id.rb:27:in `call'
rack (2.0.5) lib/rack/method_override.rb:22:in `call'
rack (2.0.5) lib/rack/runtime.rb:22:in `call'
activesupport (5.2.0) lib/active_support/cache/strategy/local_cache_middleware.rb:29:in `call'
actionpack (5.2.0) lib/action_dispatch/middleware/executor.rb:14:in `call'
actionpack (5.2.0) lib/action_dispatch/middleware/static.rb:127:in `call'
rack (2.0.5) lib/rack/sendfile.rb:111:in `call'
railties (5.2.0) lib/rails/engine.rb:524:in `call'
puma (3.11.4) lib/puma/configuration.rb:225:in `call'
puma (3.11.4) lib/puma/server.rb:632:in `handle_request'
puma (3.11.4) lib/puma/server.rb:446:in `process_client'
puma (3.11.4) lib/puma/server.rb:306:in `block in run'
puma (3.11.4) lib/puma/thread_pool.rb:120:in `block in spawn_thread'
Started GET "/home/index" for 127.0.0.1 at 2018-05-31 13:36:54 -0300
Processing by HomeController#index as HTML
  Rendering home/index.html.erb within layouts/application
  Rendered home/index.html.erb within layouts/application (1.0ms)
Completed 200 OK in 70ms (Views: 62.7ms | ActiveRecord: 0.0ms)


Started GET "/rock-paper-scissors.png" for 127.0.0.1 at 2018-05-31 13:36:54 -0300
  
ActionController::RoutingError (No route matches [GET] "/rock-paper-scissors.png"):
  
actionpack (5.2.0) lib/action_dispatch/middleware/debug_exceptions.rb:65:in `call'
web-console (3.6.2) lib/web_console/middleware.rb:135:in `call_app'
web-console (3.6.2) lib/web_console/middleware.rb:30:in `block in call'
web-console (3.6.2) lib/web_console/middleware.rb:20:in `catch'
web-console (3.6.2) lib/web_console/middleware.rb:20:in `call'
actionpack (5.2.0) lib/action_dispatch/middleware/show_exceptions.rb:33:in `call'
railties (5.2.0) lib/rails/rack/logger.rb:38:in `call_app'
railties (5.2.0) lib/rails/rack/logger.rb:26:in `block in call'
activesupport (5.2.0) lib/active_support/tagged_logging.rb:71:in `block in tagged'
activesupport (5.2.0) lib/active_support/tagged_logging.rb:28:in `tagged'
activesupport (5.2.0) lib/active_support/tagged_logging.rb:71:in `tagged'
railties (5.2.0) lib/rails/rack/logger.rb:26:in `call'
sprockets-rails (3.2.1) lib/sprockets/rails/quiet_assets.rb:13:in `call'
actionpack (5.2.0) lib/action_dispatch/middleware/remote_ip.rb:81:in `call'
actionpack (5.2.0) lib/action_dispatch/middleware/request_id.rb:27:in `call'
rack (2.0.5) lib/rack/method_override.rb:22:in `call'
rack (2.0.5) lib/rack/runtime.rb:22:in `call'
activesupport (5.2.0) lib/active_support/cache/strategy/local_cache_middleware.rb:29:in `call'
actionpack (5.2.0) lib/action_dispatch/middleware/executor.rb:14:in `call'
actionpack (5.2.0) lib/action_dispatch/middleware/static.rb:127:in `call'
rack (2.0.5) lib/rack/sendfile.rb:111:in `call'
railties (5.2.0) lib/rails/engine.rb:524:in `call'
puma (3.11.4) lib/puma/configuration.rb:225:in `call'
puma (3.11.4) lib/puma/server.rb:632:in `handle_request'
puma (3.11.4) lib/puma/server.rb:446:in `process_client'
puma (3.11.4) lib/puma/server.rb:306:in `block in run'
puma (3.11.4) lib/puma/thread_pool.rb:120:in `block in spawn_thread'
Started GET "/home/index" for 127.0.0.1 at 2018-05-31 13:37:36 -0300
Processing by HomeController#index as HTML
  Rendering home/index.html.erb within layouts/application
  Rendered home/index.html.erb within layouts/application (753.4ms)
Completed 200 OK in 875ms (Views: 867.1ms | ActiveRecord: 0.0ms)


Started GET "/home/index" for 127.0.0.1 at 2018-05-31 18:41:02 +0200
Processing by HomeController#index as HTML
  Rendering home/index.html.erb within layouts/application
  Rendered home/index.html.erb within layouts/application (2.5ms)
Completed 200 OK in 247ms (Views: 239.1ms | ActiveRecord: 0.0ms)


Started GET "/home/index" for 127.0.0.1 at 2018-05-31 18:43:22 +0200
Processing by HomeController#index as HTML
  Rendering home/index.html.erb within layouts/application
  Rendered home/index.html.erb within layouts/application (4.3ms)
Completed 500 Internal Server Error in 77ms (ActiveRecord: 0.0ms)


  
ActionView::Template::Error (Invalid CSS after "}": expected selector or at-rule, was "}"):
     5:     <%= csrf_meta_tags %>
     6:     <%= csp_meta_tag %>
     7: 
     8:     <%= stylesheet_link_tag    'application', media: 'all', 'data-turbolinks-track': 'reload' %>
     9:     <%= javascript_include_tag 'application', 'data-turbolinks-track': 'reload' %>
    10:   </head>
    11: 
  
app/assets/stylesheets/home.scss:25
app/views/layouts/application.html.erb:8:in `_app_views_layouts_application_html_erb__199972847978567092_70267682605360'
Started GET "/home/index" for 127.0.0.1 at 2018-05-31 18:43:35 +0200
Processing by HomeController#index as HTML
  Rendering home/index.html.erb within layouts/application
  Rendered home/index.html.erb within layouts/application (2.5ms)
Completed 200 OK in 138ms (Views: 129.9ms | ActiveRecord: 0.0ms)


Started GET "/home/index" for 127.0.0.1 at 2018-05-31 18:43:57 +0200
Processing by HomeController#index as HTML
  Rendering home/index.html.erb within layouts/application
  Rendered home/index.html.erb within layouts/application (2.2ms)
Completed 200 OK in 714ms (Views: 703.8ms | ActiveRecord: 0.0ms)


Started GET "/home/index" for 127.0.0.1 at 2018-05-31 18:44:05 +0200
Processing by HomeController#index as HTML
  Rendering home/index.html.erb within layouts/application
  Rendered home/index.html.erb within layouts/application (2.3ms)
Completed 200 OK in 656ms (Views: 598.3ms | ActiveRecord: 0.0ms)


Started GET "/home/index" for 127.0.0.1 at 2018-05-31 18:45:20 +0200
Processing by HomeController#index as HTML
  Rendering home/index.html.erb within layouts/application
  Rendered home/index.html.erb within layouts/application (2.7ms)
Completed 200 OK in 102ms (Views: 94.1ms | ActiveRecord: 0.0ms)


Started GET "/home/index" for 127.0.0.1 at 2018-05-31 18:45:45 +0200
Processing by HomeController#index as HTML
  Rendering home/index.html.erb within layouts/application
  Rendered home/index.html.erb within layouts/application (3.3ms)
Completed 200 OK in 180ms (Views: 172.2ms | ActiveRecord: 0.0ms)


Started GET "/home/index" for 127.0.0.1 at 2018-05-31 18:46:46 +0200
Processing by HomeController#index as HTML
  Rendering home/index.html.erb within layouts/application
  Rendered home/index.html.erb within layouts/application (2.7ms)
Completed 200 OK in 121ms (Views: 112.6ms | ActiveRecord: 0.0ms)


Started GET "/home/index" for 127.0.0.1 at 2018-05-31 18:47:02 +0200
Processing by HomeController#index as HTML
  Rendering home/index.html.erb within layouts/application
  Rendered home/index.html.erb within layouts/application (2.4ms)
Completed 200 OK in 280ms (Views: 272.3ms | ActiveRecord: 0.0ms)


Started GET "/home/index" for 127.0.0.1 at 2018-05-31 18:47:15 +0200
Processing by HomeController#index as HTML
  Rendering home/index.html.erb within layouts/application
  Rendered home/index.html.erb within layouts/application (2.5ms)
Completed 200 OK in 131ms (Views: 123.5ms | ActiveRecord: 0.0ms)


Started GET "/home/index" for 127.0.0.1 at 2018-05-31 18:47:26 +0200
Processing by HomeController#index as HTML
  Rendering home/index.html.erb within layouts/application
  Rendered home/index.html.erb within layouts/application (2.7ms)
Completed 200 OK in 169ms (Views: 161.0ms | ActiveRecord: 0.0ms)


Started GET "/home/index" for 127.0.0.1 at 2018-05-31 18:47:44 +0200
Processing by HomeController#index as HTML
  Rendering home/index.html.erb within layouts/application
  Rendered home/index.html.erb within layouts/application (2.2ms)
Completed 200 OK in 256ms (Views: 247.4ms | ActiveRecord: 0.0ms)


Started GET "/home/index" for 127.0.0.1 at 2018-05-31 18:48:14 +0200
Processing by HomeController#index as HTML
  Rendering home/index.html.erb within layouts/application
  Rendered home/index.html.erb within layouts/application (2.2ms)
Completed 200 OK in 213ms (Views: 203.5ms | ActiveRecord: 0.0ms)


Started GET "/home/index" for 127.0.0.1 at 2018-05-31 18:48:25 +0200
Processing by HomeController#index as HTML
  Rendering home/index.html.erb within layouts/application
  Rendered home/index.html.erb within layouts/application (3.9ms)
Completed 200 OK in 246ms (Views: 237.9ms | ActiveRecord: 0.0ms)


Started GET "/home/index" for 127.0.0.1 at 2018-05-31 18:49:29 +0200
Processing by HomeController#index as HTML
  Rendering home/index.html.erb within layouts/application
  Rendered home/index.html.erb within layouts/application (2.3ms)
Completed 200 OK in 257ms (Views: 246.8ms | ActiveRecord: 0.0ms)


Started GET "/home/index" for 127.0.0.1 at 2018-05-31 18:49:57 +0200
Processing by HomeController#index as HTML
  Rendering home/index.html.erb within layouts/application
  Rendered home/index.html.erb within layouts/application (20.6ms)
Completed 200 OK in 135ms (Views: 126.4ms | ActiveRecord: 0.0ms)


Started GET "/home/index" for 127.0.0.1 at 2018-05-31 18:57:18 +0200
Processing by HomeController#index as HTML
  Rendering home/index.html.erb within layouts/application
  Rendered home/index.html.erb within layouts/application (6.8ms)
Completed 200 OK in 82ms (Views: 74.8ms | ActiveRecord: 0.0ms)


Started GET "/home/index" for 127.0.0.1 at 2018-05-31 19:00:35 +0200
Processing by HomeController#index as HTML
  Rendering home/index.html.erb within layouts/application
  Rendered home/index.html.erb within layouts/application (5.1ms)
Completed 200 OK in 149ms (Views: 141.7ms | ActiveRecord: 0.0ms)


Started GET "/home/index" for 127.0.0.1 at 2018-05-31 19:04:44 +0200
Processing by HomeController#index as HTML
  Rendering home/index.html.erb within layouts/application
  Rendered home/index.html.erb within layouts/application (4.7ms)
Completed 500 Internal Server Error in 1099ms (ActiveRecord: 0.0ms)


  
ActionView::Template::Error (SyntaxError: [stdin]:4:19: reserved word 'function'):
     6:     <%= csp_meta_tag %>
     7: 
     8:     <%= stylesheet_link_tag    'application', media: 'all', 'data-turbolinks-track': 'reload' %>
     9:     <%= javascript_include_tag 'application', 'data-turbolinks-track': 'reload' %>
    10:   </head>
    11: 
    12:   <body>
  
(execjs):7539:8
(execjs):7545:14
app/views/layouts/application.html.erb:9:in `_app_views_layouts_application_html_erb__199972847978567092_70267669350060'
Started GET "/home/index" for 127.0.0.1 at 2018-05-31 19:09:12 +0200
Processing by HomeController#index as HTML
  Rendering home/index.html.erb within layouts/application
  Rendered home/index.html.erb within layouts/application (12.3ms)
Completed 500 Internal Server Error in 593ms (ActiveRecord: 0.0ms)


  
ActionView::Template::Error (SyntaxError: [stdin]:4:19: reserved word 'function'):
     6:     <%= csp_meta_tag %>
     7: 
     8:     <%= stylesheet_link_tag    'application', media: 'all', 'data-turbolinks-track': 'reload' %>
     9:     <%= javascript_include_tag 'application', 'data-turbolinks-track': 'reload' %>
    10:   </head>
    11: 
    12:   <body>
  
(execjs):7539:8
(execjs):7545:14
app/views/layouts/application.html.erb:9:in `_app_views_layouts_application_html_erb__199972847978567092_70267678754260'
Started GET "/home/index" for 127.0.0.1 at 2018-05-31 19:10:28 +0200
Processing by HomeController#index as HTML
  Rendering home/index.html.erb within layouts/application
  Rendered home/index.html.erb within layouts/application (9.9ms)
Completed 500 Internal Server Error in 515ms (ActiveRecord: 0.0ms)


  
ActionView::Template::Error (SyntaxError: [stdin]:4:19: reserved word 'function'):
     6:     <%= csp_meta_tag %>
     7: 
     8:     <%= stylesheet_link_tag    'application', media: 'all', 'data-turbolinks-track': 'reload' %>
     9:     <%= javascript_include_tag 'application', 'data-turbolinks-track': 'reload' %>
    10:   </head>
    11: 
    12:   <body>
  
(execjs):7539:8
(execjs):7545:14
app/views/layouts/application.html.erb:9:in `_app_views_layouts_application_html_erb__199972847978567092_70267667793340'
Started GET "/home/index" for 127.0.0.1 at 2018-05-31 19:19:49 +0200
Processing by HomeController#index as HTML
  Rendering home/index.html.erb within layouts/application
  Rendered home/index.html.erb within layouts/application (7.9ms)
Completed 500 Internal Server Error in 910ms (ActiveRecord: 0.0ms)


  
ActionView::Template::Error (SyntaxError: [stdin]:4:19: reserved word 'function'):
     6:     <%= csp_meta_tag %>
     7: 
     8:     <%= stylesheet_link_tag    'application', media: 'all', 'data-turbolinks-track': 'reload' %>
     9:     <%= javascript_include_tag 'application', 'data-turbolinks-track': 'reload' %>
    10:   </head>
    11: 
    12:   <body>
  
(execjs):7539:8
(execjs):7545:14
app/views/layouts/application.html.erb:9:in `_app_views_layouts_application_html_erb__199972847978567092_70267663498280'
Started GET "/home/index" for 127.0.0.1 at 2018-05-31 19:23:50 +0200
Processing by HomeController#index as HTML
  Rendering home/index.html.erb within layouts/application
  Rendered home/index.html.erb within layouts/application (10.6ms)
Completed 200 OK in 149ms (Views: 139.3ms | ActiveRecord: 0.0ms)


Started GET "/home/index" for 127.0.0.1 at 2018-05-31 19:26:06 +0200
Processing by HomeController#index as HTML
  Rendering home/index.html.erb within layouts/application
  Rendered home/index.html.erb within layouts/application (15.9ms)
Completed 200 OK in 274ms (Views: 258.0ms | ActiveRecord: 0.0ms)


Started GET "/home/index" for 127.0.0.1 at 2018-05-31 19:27:52 +0200
Processing by HomeController#index as HTML
  Rendering home/index.html.erb within layouts/application
  Rendered home/index.html.erb within layouts/application (5.0ms)
Completed 200 OK in 238ms (Views: 230.4ms | ActiveRecord: 0.0ms)


Started GET "/home/index" for 127.0.0.1 at 2018-05-31 19:28:16 +0200
Processing by HomeController#index as HTML
  Rendering home/index.html.erb within layouts/application
  Rendered home/index.html.erb within layouts/application (7.6ms)
Completed 200 OK in 73ms (Views: 61.2ms | ActiveRecord: 0.0ms)


Started GET "/home/index" for 127.0.0.1 at 2018-05-31 19:28:37 +0200
Processing by HomeController#index as HTML
  Rendering home/index.html.erb within layouts/application
  Rendered home/index.html.erb within layouts/application (9.8ms)
Completed 200 OK in 77ms (Views: 61.5ms | ActiveRecord: 0.0ms)


Started GET "/home/index" for 127.0.0.1 at 2018-05-31 19:30:41 +0200
Processing by HomeController#index as HTML
  Rendering home/index.html.erb within layouts/application
  Rendered home/index.html.erb within layouts/application (7.9ms)
Completed 200 OK in 91ms (Views: 81.6ms | ActiveRecord: 0.0ms)


Started GET "/home/index" for 127.0.0.1 at 2018-05-31 20:04:05 +0200
Processing by HomeController#index as HTML
  Rendering home/index.html.erb within layouts/application
  Rendered home/index.html.erb within layouts/application (1120.1ms)
Completed 200 OK in 1389ms (Views: 1364.2ms | ActiveRecord: 0.0ms)


Started GET "/home/index" for 127.0.0.1 at 2018-05-31 20:07:41 +0200
Processing by HomeController#index as HTML
  Rendering home/index.html.erb within layouts/application
  Rendered home/index.html.erb within layouts/application (901.5ms)
Completed 200 OK in 1304ms (Views: 1276.4ms | ActiveRecord: 0.0ms)


Started GET "/home/index" for 127.0.0.1 at 2018-05-31 20:07:56 +0200
Processing by HomeController#index as HTML
  Rendering home/index.html.erb within layouts/application
  Rendered home/index.html.erb within layouts/application (13.6ms)
Completed 200 OK in 100ms (Views: 76.4ms | ActiveRecord: 0.0ms)


Started GET "/home/index" for 127.0.0.1 at 2018-05-31 20:11:02 +0200
Processing by HomeController#index as HTML
  Rendering home/index.html.erb within layouts/application
  Rendered home/index.html.erb within layouts/application (6.2ms)
Completed 200 OK in 69ms (Views: 56.5ms | ActiveRecord: 0.0ms)


Started GET "/home/index" for 127.0.0.1 at 2018-05-31 20:13:54 +0200
Processing by HomeController#index as HTML
  Rendering home/index.html.erb within layouts/application
  Rendered home/index.html.erb within layouts/application (11.8ms)
Completed 200 OK in 377ms (Views: 368.0ms | ActiveRecord: 0.0ms)


Started GET "/home/index" for 127.0.0.1 at 2018-05-31 20:16:43 +0200
Processing by HomeController#index as HTML
  Rendering home/index.html.erb within layouts/application
  Rendered home/index.html.erb within layouts/application (8.8ms)
Completed 200 OK in 850ms (Views: 840.8ms | ActiveRecord: 0.0ms)


Started GET "/home/index" for 127.0.0.1 at 2018-05-31 20:17:51 +0200
Processing by HomeController#index as HTML
  Rendering home/index.html.erb within layouts/application
  Rendered home/index.html.erb within layouts/application (6.1ms)
Completed 200 OK in 513ms (Views: 480.5ms | ActiveRecord: 0.0ms)


Started GET "/home/index" for 127.0.0.1 at 2018-05-31 20:18:54 +0200
Processing by HomeController#index as HTML
  Rendering home/index.html.erb within layouts/application
  Rendered home/index.html.erb within layouts/application (5.8ms)
Completed 200 OK in 694ms (Views: 684.9ms | ActiveRecord: 0.0ms)


Started GET "/home/index" for 127.0.0.1 at 2018-05-31 20:19:17 +0200
Processing by HomeController#index as HTML
  Rendering home/index.html.erb within layouts/application
  Rendered home/index.html.erb within layouts/application (5.8ms)
Completed 200 OK in 238ms (Views: 227.8ms | ActiveRecord: 0.0ms)


Started GET "/home/index" for 127.0.0.1 at 2018-05-31 20:20:08 +0200
Processing by HomeController#index as HTML
  Rendering home/index.html.erb within layouts/application
  Rendered home/index.html.erb within layouts/application (11.0ms)
Completed 200 OK in 264ms (Views: 251.8ms | ActiveRecord: 0.0ms)


Started GET "/home/index" for 127.0.0.1 at 2018-05-31 20:20:32 +0200
Processing by HomeController#index as HTML
  Rendering home/index.html.erb within layouts/application
  Rendered home/index.html.erb within layouts/application (20.6ms)
Completed 200 OK in 728ms (Views: 710.1ms | ActiveRecord: 0.0ms)


Started GET "/home/index" for 127.0.0.1 at 2018-05-31 20:21:54 +0200
Processing by HomeController#index as HTML
  Rendering home/index.html.erb within layouts/application
  Rendered home/index.html.erb within layouts/application (28.1ms)
Completed 200 OK in 936ms (Views: 924.4ms | ActiveRecord: 0.0ms)


Started GET "/home/index" for 127.0.0.1 at 2018-05-31 20:22:21 +0200
Processing by HomeController#index as HTML
  Rendering home/index.html.erb within layouts/application
  Rendered home/index.html.erb within layouts/application (8.6ms)
Completed 200 OK in 642ms (Views: 620.2ms | ActiveRecord: 0.0ms)


Started GET "/home/index" for 127.0.0.1 at 2018-05-31 20:22:52 +0200
Processing by HomeController#index as HTML
  Rendering home/index.html.erb within layouts/application
  Rendered home/index.html.erb within layouts/application (6.9ms)
Completed 200 OK in 705ms (Views: 697.0ms | ActiveRecord: 0.0ms)


Started GET "/home/index" for 127.0.0.1 at 2018-05-31 20:25:36 +0200
Processing by HomeController#index as HTML
  Rendering home/index.html.erb within layouts/application
  Rendered home/index.html.erb within layouts/application (6.7ms)
Completed 200 OK in 729ms (Views: 714.5ms | ActiveRecord: 0.0ms)


Started GET "/home/index" for 127.0.0.1 at 2018-05-31 20:25:48 +0200
Processing by HomeController#index as HTML
  Rendering home/index.html.erb within layouts/application
  Rendered home/index.html.erb within layouts/application (6.8ms)
Completed 200 OK in 254ms (Views: 243.4ms | ActiveRecord: 0.0ms)


Started GET "/home/index" for 127.0.0.1 at 2018-05-31 20:26:01 +0200
Processing by HomeController#index as HTML
  Rendering home/index.html.erb within layouts/application
  Rendered home/index.html.erb within layouts/application (11.6ms)
Completed 200 OK in 256ms (Views: 248.3ms | ActiveRecord: 0.0ms)


Started GET "/home/index" for 127.0.0.1 at 2018-05-31 20:26:56 +0200
Processing by HomeController#index as HTML
  Rendering home/index.html.erb within layouts/application
  Rendered home/index.html.erb within layouts/application (8.2ms)
Completed 200 OK in 926ms (Views: 914.7ms | ActiveRecord: 0.0ms)


Started GET "/home/index" for 127.0.0.1 at 2018-05-31 20:27:20 +0200
Processing by HomeController#index as HTML
  Rendering home/index.html.erb within layouts/application
  Rendered home/index.html.erb within layouts/application (15.7ms)
Completed 200 OK in 422ms (Views: 409.3ms | ActiveRecord: 0.0ms)


Started GET "/home/index" for 127.0.0.1 at 2018-05-31 20:27:59 +0200
Processing by HomeController#index as HTML
  Rendering home/index.html.erb within layouts/application
  Rendered home/index.html.erb within layouts/application (16.3ms)
Completed 200 OK in 838ms (Views: 831.1ms | ActiveRecord: 0.0ms)


Started GET "/home/index" for 127.0.0.1 at 2018-05-31 20:28:43 +0200
Processing by HomeController#index as HTML
  Rendering home/index.html.erb within layouts/application
  Rendered home/index.html.erb within layouts/application (14.0ms)
Completed 200 OK in 618ms (Views: 609.1ms | ActiveRecord: 0.0ms)


Started GET "/home/index" for 127.0.0.1 at 2018-05-31 20:29:04 +0200
Processing by HomeController#index as HTML
  Rendering home/index.html.erb within layouts/application
  Rendered home/index.html.erb within layouts/application (5.5ms)
Completed 200 OK in 707ms (Views: 697.9ms | ActiveRecord: 0.0ms)


Started GET "/home/index" for 127.0.0.1 at 2018-05-31 20:30:19 +0200
Processing by HomeController#index as HTML
  Rendering home/index.html.erb within layouts/application
  Rendered home/index.html.erb within layouts/application (4.5ms)
Completed 200 OK in 359ms (Views: 350.4ms | ActiveRecord: 0.0ms)


Started GET "/home/index" for 127.0.0.1 at 2018-05-31 20:30:58 +0200
Processing by HomeController#index as HTML
  Rendering home/index.html.erb within layouts/application
  Rendered home/index.html.erb within layouts/application (5.3ms)
Completed 200 OK in 276ms (Views: 265.9ms | ActiveRecord: 0.0ms)


Started GET "/home/index" for 127.0.0.1 at 2018-05-31 20:31:51 +0200
Processing by HomeController#index as HTML
  Rendering home/index.html.erb within layouts/application
  Rendered home/index.html.erb within layouts/application (6.7ms)
Completed 200 OK in 380ms (Views: 364.6ms | ActiveRecord: 0.0ms)


Started GET "/home/index" for 127.0.0.1 at 2018-05-31 20:32:34 +0200
Processing by HomeController#index as HTML
  Rendering home/index.html.erb within layouts/application
  Rendered home/index.html.erb within layouts/application (11.2ms)
Completed 200 OK in 136ms (Views: 125.6ms | ActiveRecord: 0.0ms)


Started GET "/home/index" for 127.0.0.1 at 2018-05-31 20:32:52 +0200
Processing by HomeController#index as HTML
  Rendering home/index.html.erb within layouts/application
  Rendered home/index.html.erb within layouts/application (9.4ms)
Completed 200 OK in 713ms (Views: 704.8ms | ActiveRecord: 0.0ms)


Started GET "/home/index" for 127.0.0.1 at 2018-05-31 20:38:39 +0200
Processing by HomeController#index as HTML
  Rendering home/index.html.erb within layouts/application
  Rendered home/index.html.erb within layouts/application (7.8ms)
Completed 200 OK in 362ms (Views: 347.1ms | ActiveRecord: 0.0ms)


Started GET "/home/index" for 127.0.0.1 at 2018-05-31 20:38:56 +0200
Processing by HomeController#index as HTML
  Rendering home/index.html.erb within layouts/application
  Rendered home/index.html.erb within layouts/application (13.2ms)
Completed 200 OK in 328ms (Views: 315.2ms | ActiveRecord: 0.0ms)


Started GET "/home/index" for 127.0.0.1 at 2018-05-31 20:45:38 +0200
Processing by HomeController#index as HTML
  Rendering home/index.html.erb within layouts/application
  Rendered home/index.html.erb within layouts/application (7.4ms)
Completed 200 OK in 443ms (Views: 432.1ms | ActiveRecord: 0.0ms)


Started GET "/home/index" for 127.0.0.1 at 2018-05-31 20:46:01 +0200
Processing by HomeController#index as HTML
  Rendering home/index.html.erb within layouts/application
  Rendered home/index.html.erb within layouts/application (7.2ms)
Completed 200 OK in 395ms (Views: 384.6ms | ActiveRecord: 0.0ms)


Started GET "/home/index" for 127.0.0.1 at 2018-05-31 20:47:14 +0200
Processing by HomeController#index as HTML
  Rendering home/index.html.erb within layouts/application
  Rendered home/index.html.erb within layouts/application (6.4ms)
Completed 200 OK in 306ms (Views: 298.5ms | ActiveRecord: 0.0ms)


Started GET "/home/index" for 127.0.0.1 at 2018-05-31 20:47:33 +0200
Processing by HomeController#index as HTML
  Rendering home/index.html.erb within layouts/application
  Rendered home/index.html.erb within layouts/application (7.5ms)
Completed 200 OK in 662ms (Views: 651.6ms | ActiveRecord: 0.0ms)


Started GET "/home/index" for 127.0.0.1 at 2018-05-31 20:48:02 +0200
Processing by HomeController#index as HTML
  Rendering home/index.html.erb within layouts/application
  Rendered home/index.html.erb within layouts/application (9.6ms)
Completed 200 OK in 413ms (Views: 402.4ms | ActiveRecord: 0.0ms)


Started GET "/home/index" for 127.0.0.1 at 2018-05-31 20:48:20 +0200
Processing by HomeController#index as HTML
  Rendering home/index.html.erb within layouts/application
  Rendered home/index.html.erb within layouts/application (6.9ms)
Completed 200 OK in 476ms (Views: 467.4ms | ActiveRecord: 0.0ms)


Started GET "/home/index" for 127.0.0.1 at 2018-05-31 20:49:13 +0200
Processing by HomeController#index as HTML
  Rendering home/index.html.erb within layouts/application
  Rendered home/index.html.erb within layouts/application (5.8ms)
Completed 200 OK in 474ms (Views: 462.0ms | ActiveRecord: 0.0ms)


Started GET "/home/index" for 127.0.0.1 at 2018-05-31 20:50:04 +0200
Processing by HomeController#index as HTML
  Rendering home/index.html.erb within layouts/application
  Rendered home/index.html.erb within layouts/application (18.3ms)
Completed 200 OK in 638ms (Views: 543.1ms | ActiveRecord: 0.0ms)


Started GET "/home/index" for 127.0.0.1 at 2018-05-31 20:50:59 +0200
Processing by HomeController#index as HTML
  Rendering home/index.html.erb within layouts/application
  Rendered home/index.html.erb within layouts/application (10.5ms)
Completed 200 OK in 489ms (Views: 477.9ms | ActiveRecord: 0.0ms)


Started GET "/home/index" for 127.0.0.1 at 2018-05-31 20:51:21 +0200
Processing by HomeController#index as HTML
  Rendering home/index.html.erb within layouts/application
  Rendered home/index.html.erb within layouts/application (14.6ms)
Completed 200 OK in 500ms (Views: 490.5ms | ActiveRecord: 0.0ms)


Started GET "/home/index" for 127.0.0.1 at 2018-05-31 20:56:22 +0200
Processing by HomeController#index as HTML
  Rendering home/index.html.erb within layouts/application
  Rendered home/index.html.erb within layouts/application (4.8ms)
Completed 200 OK in 62ms (Views: 53.8ms | ActiveRecord: 0.0ms)


Started GET "/home/index" for 127.0.0.1 at 2018-05-31 20:57:53 +0200
Processing by HomeController#index as HTML
  Rendering home/index.html.erb within layouts/application
  Rendered home/index.html.erb within layouts/application (10.2ms)
Completed 200 OK in 261ms (Views: 253.3ms | ActiveRecord: 0.0ms)


Started GET "/home/index" for 127.0.0.1 at 2018-05-31 20:58:32 +0200
Processing by HomeController#index as HTML
  Rendering home/index.html.erb within layouts/application
  Rendered home/index.html.erb within layouts/application (5.5ms)
Completed 200 OK in 82ms (Views: 72.3ms | ActiveRecord: 0.0ms)


Started GET "/home/index" for 127.0.0.1 at 2018-05-31 21:01:13 +0200
Processing by HomeController#index as HTML
  Rendering home/index.html.erb within layouts/application
  Rendered home/index.html.erb within layouts/application (5.8ms)
Completed 200 OK in 79ms (Views: 66.7ms | ActiveRecord: 0.0ms)


Started GET "/home/index" for 127.0.0.1 at 2018-05-31 21:01:50 +0200
Processing by HomeController#index as HTML
  Rendering home/index.html.erb within layouts/application
  Rendered home/index.html.erb within layouts/application (6.0ms)
Completed 200 OK in 454ms (Views: 439.6ms | ActiveRecord: 0.0ms)


Started GET "/home/index" for 127.0.0.1 at 2018-05-31 21:02:27 +0200
Processing by HomeController#index as HTML
  Rendering home/index.html.erb within layouts/application
  Rendered home/index.html.erb within layouts/application (7.7ms)
Completed 200 OK in 364ms (Views: 353.9ms | ActiveRecord: 0.0ms)


Started GET "/home/index" for 127.0.0.1 at 2018-05-31 21:02:30 +0200
Processing by HomeController#index as HTML
  Rendering home/index.html.erb within layouts/application
  Rendered home/index.html.erb within layouts/application (4.4ms)
Completed 200 OK in 78ms (Views: 64.5ms | ActiveRecord: 0.0ms)


Started GET "/home/index" for 127.0.0.1 at 2018-05-31 21:03:05 +0200
Processing by HomeController#index as HTML
  Rendering home/index.html.erb within layouts/application
  Rendered home/index.html.erb within layouts/application (9.4ms)
Completed 200 OK in 349ms (Views: 338.7ms | ActiveRecord: 0.0ms)


Started GET "/home/index" for 127.0.0.1 at 2018-05-31 21:04:19 +0200
Processing by HomeController#index as HTML
  Rendering home/index.html.erb within layouts/application
  Rendered home/index.html.erb within layouts/application (5.7ms)
Completed 200 OK in 193ms (Views: 181.5ms | ActiveRecord: 0.0ms)


Started GET "/home/index" for 127.0.0.1 at 2018-05-31 21:06:24 +0200
Processing by HomeController#index as HTML
  Rendering home/index.html.erb within layouts/application
  Rendered home/index.html.erb within layouts/application (4.3ms)
Completed 200 OK in 191ms (Views: 182.2ms | ActiveRecord: 0.0ms)


Started GET "/home/index" for 127.0.0.1 at 2018-05-31 21:06:47 +0200
Processing by HomeController#index as HTML
  Rendering home/index.html.erb within layouts/application
  Rendered home/index.html.erb within layouts/application (5.8ms)
Completed 200 OK in 377ms (Views: 366.8ms | ActiveRecord: 0.0ms)


Started GET "/home/index" for 127.0.0.1 at 2018-05-31 21:08:59 +0200
Processing by HomeController#index as HTML
  Rendering home/index.html.erb within layouts/application
  Rendered home/index.html.erb within layouts/application (4.6ms)
Completed 200 OK in 150ms (Views: 139.8ms | ActiveRecord: 0.0ms)


Started GET "/home/index" for 127.0.0.1 at 2018-05-31 21:09:12 +0200
Processing by HomeController#index as HTML
  Rendering home/index.html.erb within layouts/application
  Rendered home/index.html.erb within layouts/application (6.1ms)
Completed 200 OK in 522ms (Views: 513.0ms | ActiveRecord: 0.0ms)


Started GET "/home/index" for 127.0.0.1 at 2018-05-31 21:09:46 +0200
Processing by HomeController#index as HTML
  Rendering home/index.html.erb within layouts/application
  Rendered home/index.html.erb within layouts/application (15.8ms)
Completed 200 OK in 394ms (Views: 382.6ms | ActiveRecord: 0.0ms)


Started GET "/home/index" for 127.0.0.1 at 2018-05-31 21:10:36 +0200
Processing by HomeController#index as HTML
  Rendering home/index.html.erb within layouts/application
  Rendered home/index.html.erb within layouts/application (5.9ms)
Completed 200 OK in 543ms (Views: 532.0ms | ActiveRecord: 0.0ms)


Started GET "/home/index" for 127.0.0.1 at 2018-05-31 21:11:04 +0200
Processing by HomeController#index as HTML
  Rendering home/index.html.erb within layouts/application
  Rendered home/index.html.erb within layouts/application (5.9ms)
Completed 200 OK in 78ms (Views: 69.2ms | ActiveRecord: 0.0ms)


Started GET "/home/index" for 127.0.0.1 at 2018-05-31 21:11:31 +0200
Processing by HomeController#index as HTML
  Rendering home/index.html.erb within layouts/application
  Rendered home/index.html.erb within layouts/application (31.1ms)
Completed 200 OK in 649ms (Views: 638.5ms | ActiveRecord: 0.0ms)


Started GET "/home/index" for 127.0.0.1 at 2018-05-31 21:12:13 +0200
Processing by HomeController#index as HTML
  Rendering home/index.html.erb within layouts/application
  Rendered home/index.html.erb within layouts/application (6.2ms)
Completed 200 OK in 411ms (Views: 401.9ms | ActiveRecord: 0.0ms)


Started GET "/home/index" for 127.0.0.1 at 2018-05-31 21:36:11 +0200
Processing by HomeController#index as HTML
  Rendering home/index.html.erb within layouts/application
  Rendered home/index.html.erb within layouts/application (7.8ms)
Completed 200 OK in 586ms (Views: 577.9ms | ActiveRecord: 0.0ms)


Started GET "/home/index" for 127.0.0.1 at 2018-05-31 21:36:37 +0200
Processing by HomeController#index as HTML
  Rendering home/index.html.erb within layouts/application
  Rendered home/index.html.erb within layouts/application (5.1ms)
Completed 200 OK in 549ms (Views: 538.6ms | ActiveRecord: 0.0ms)


Started GET "/home/index" for 127.0.0.1 at 2018-05-31 21:37:09 +0200
Processing by HomeController#index as HTML
  Rendering home/index.html.erb within layouts/application
  Rendered home/index.html.erb within layouts/application (5.2ms)
Completed 200 OK in 543ms (Views: 534.6ms | ActiveRecord: 0.0ms)


Started GET "/home/index" for 127.0.0.1 at 2018-05-31 21:37:33 +0200
Processing by HomeController#index as HTML
  Rendering home/index.html.erb within layouts/application
  Rendered home/index.html.erb within layouts/application (12.0ms)
Completed 200 OK in 558ms (Views: 549.4ms | ActiveRecord: 0.0ms)


Started GET "/home/index" for 127.0.0.1 at 2018-05-31 21:39:30 +0200
Processing by HomeController#index as HTML
  Rendering home/index.html.erb within layouts/application
  Rendered home/index.html.erb within layouts/application (125.0ms)
Completed 200 OK in 844ms (Views: 836.1ms | ActiveRecord: 0.0ms)


Started GET "/home/index" for 127.0.0.1 at 2018-05-31 21:40:32 +0200
Processing by HomeController#index as HTML
  Rendering home/index.html.erb within layouts/application
  Rendered home/index.html.erb within layouts/application (29.2ms)
Completed 200 OK in 834ms (Views: 826.5ms | ActiveRecord: 0.0ms)


Started GET "/home/index" for 127.0.0.1 at 2018-05-31 21:40:55 +0200
Processing by HomeController#index as HTML
  Rendering home/index.html.erb within layouts/application
  Rendered home/index.html.erb within layouts/application (6.4ms)
Completed 200 OK in 759ms (Views: 743.1ms | ActiveRecord: 0.0ms)


Started GET "/home/index" for 127.0.0.1 at 2018-05-31 21:41:14 +0200
Processing by HomeController#index as HTML
  Rendering home/index.html.erb within layouts/application
  Rendered home/index.html.erb within layouts/application (12.9ms)
Completed 200 OK in 550ms (Views: 539.6ms | ActiveRecord: 0.0ms)


Started GET "/home/index" for 127.0.0.1 at 2018-05-31 21:41:32 +0200
Processing by HomeController#index as HTML
  Rendering home/index.html.erb within layouts/application
  Rendered home/index.html.erb within layouts/application (11.8ms)
Completed 200 OK in 1752ms (Views: 1740.6ms | ActiveRecord: 0.0ms)


Started GET "/home/index" for 127.0.0.1 at 2018-05-31 21:42:01 +0200
Processing by HomeController#index as HTML
  Rendering home/index.html.erb within layouts/application
  Rendered home/index.html.erb within layouts/application (9.0ms)
Completed 200 OK in 938ms (Views: 929.1ms | ActiveRecord: 0.0ms)


Started GET "/home/index" for 127.0.0.1 at 2018-05-31 21:42:20 +0200
Processing by HomeController#index as HTML
  Rendering home/index.html.erb within layouts/application
  Rendered home/index.html.erb within layouts/application (28.6ms)
Completed 200 OK in 908ms (Views: 897.6ms | ActiveRecord: 0.0ms)


Started GET "/home/index" for 127.0.0.1 at 2018-05-31 21:43:13 +0200
Processing by HomeController#index as HTML
  Rendering home/index.html.erb within layouts/application
  Rendered home/index.html.erb within layouts/application (10.1ms)
Completed 200 OK in 782ms (Views: 771.8ms | ActiveRecord: 0.0ms)


Started GET "/home/index" for 127.0.0.1 at 2018-05-31 21:45:04 +0200
Processing by HomeController#index as HTML
  Rendering home/index.html.erb within layouts/application
  Rendered home/index.html.erb within layouts/application (5.4ms)
Completed 200 OK in 473ms (Views: 456.1ms | ActiveRecord: 0.0ms)


Started GET "/home/index" for 127.0.0.1 at 2018-05-31 21:49:55 +0200
Processing by HomeController#index as HTML
  Rendering home/index.html.erb within layouts/application
  Rendered home/index.html.erb within layouts/application (8.1ms)
Completed 200 OK in 200ms (Views: 190.8ms | ActiveRecord: 0.0ms)


Started GET "/home/index" for 127.0.0.1 at 2018-05-31 21:50:21 +0200
Processing by HomeController#index as HTML
  Rendering home/index.html.erb within layouts/application
  Rendered home/index.html.erb within layouts/application (6.2ms)
Completed 200 OK in 148ms (Views: 139.3ms | ActiveRecord: 0.0ms)


Started GET "/home/index" for 127.0.0.1 at 2018-05-31 21:50:44 +0200
Processing by HomeController#index as HTML
  Rendering home/index.html.erb within layouts/application
  Rendered home/index.html.erb within layouts/application (14.6ms)
Completed 200 OK in 270ms (Views: 257.9ms | ActiveRecord: 0.0ms)


Started GET "/home/index" for 127.0.0.1 at 2018-05-31 21:51:46 +0200
Processing by HomeController#index as HTML
  Rendering home/index.html.erb within layouts/application
  Rendered home/index.html.erb within layouts/application (15.4ms)
Completed 200 OK in 625ms (Views: 611.6ms | ActiveRecord: 0.0ms)


Started GET "/home/index" for 127.0.0.1 at 2018-05-31 21:53:46 +0200
Processing by HomeController#index as HTML
  Rendering home/index.html.erb within layouts/application
  Rendered home/index.html.erb within layouts/application (5.6ms)
Completed 200 OK in 538ms (Views: 525.6ms | ActiveRecord: 0.0ms)


Started GET "/home/index" for 127.0.0.1 at 2018-05-31 21:54:01 +0200
Processing by HomeController#index as HTML
  Rendering home/index.html.erb within layouts/application
  Rendered home/index.html.erb within layouts/application (5.0ms)
Completed 200 OK in 525ms (Views: 516.8ms | ActiveRecord: 0.0ms)


Started GET "/home/index" for 127.0.0.1 at 2018-05-31 21:54:46 +0200
Processing by HomeController#index as HTML
  Rendering home/index.html.erb within layouts/application
  Rendered home/index.html.erb within layouts/application (5.8ms)
Completed 200 OK in 637ms (Views: 629.1ms | ActiveRecord: 0.0ms)


Started GET "/home/index" for 127.0.0.1 at 2018-05-31 21:55:24 +0200
Processing by HomeController#index as HTML
  Rendering home/index.html.erb within layouts/application
  Rendered home/index.html.erb within layouts/application (5.0ms)
Completed 200 OK in 788ms (Views: 779.0ms | ActiveRecord: 0.0ms)


Started GET "/home/index" for 127.0.0.1 at 2018-05-31 21:56:25 +0200
Processing by HomeController#index as HTML
  Rendering home/index.html.erb within layouts/application
  Rendered home/index.html.erb within layouts/application (5.9ms)
Completed 200 OK in 707ms (Views: 695.1ms | ActiveRecord: 0.0ms)


Started GET "/home/index" for 127.0.0.1 at 2018-05-31 21:59:46 +0200
Processing by HomeController#index as HTML
  Rendering home/index.html.erb within layouts/application
  Rendered home/index.html.erb within layouts/application (12.1ms)
Completed 200 OK in 634ms (Views: 623.1ms | ActiveRecord: 0.0ms)


Started GET "/home/index" for 127.0.0.1 at 2018-05-31 22:00:31 +0200
Processing by HomeController#index as HTML
  Rendering home/index.html.erb within layouts/application
  Rendered home/index.html.erb within layouts/application (6.3ms)
Completed 200 OK in 590ms (Views: 579.2ms | ActiveRecord: 0.0ms)


Started GET "/home/index" for 127.0.0.1 at 2018-05-31 22:00:44 +0200
Processing by HomeController#index as HTML
  Rendering home/index.html.erb within layouts/application
  Rendered home/index.html.erb within layouts/application (6.7ms)
Completed 200 OK in 887ms (Views: 876.7ms | ActiveRecord: 0.0ms)


Started GET "/home/index" for 127.0.0.1 at 2018-05-31 22:04:30 +0200
Processing by HomeController#index as HTML
  Rendering home/index.html.erb within layouts/application
  Rendered home/index.html.erb within layouts/application (6.2ms)
Completed 200 OK in 590ms (Views: 580.3ms | ActiveRecord: 0.0ms)


Started GET "/home/index" for 127.0.0.1 at 2018-05-31 22:06:39 +0200
Processing by HomeController#index as HTML
  Rendering home/index.html.erb within layouts/application
  Rendered home/index.html.erb within layouts/application (7.6ms)
Completed 200 OK in 703ms (Views: 692.4ms | ActiveRecord: 0.0ms)


Started GET "/home/index" for 127.0.0.1 at 2018-05-31 22:07:33 +0200
Processing by HomeController#index as HTML
  Rendering home/index.html.erb within layouts/application
  Rendered home/index.html.erb within layouts/application (6.4ms)
Completed 200 OK in 82ms (Views: 73.2ms | ActiveRecord: 0.0ms)


Started GET "/home/index" for 127.0.0.1 at 2018-05-31 22:08:23 +0200
Processing by HomeController#index as HTML
  Rendering home/index.html.erb within layouts/application
  Rendered home/index.html.erb within layouts/application (4.7ms)
Completed 200 OK in 774ms (Views: 764.8ms | ActiveRecord: 0.0ms)


Started GET "/home/index" for 127.0.0.1 at 2018-05-31 22:11:03 +0200
Processing by HomeController#index as HTML
  Rendering home/index.html.erb within layouts/application
  Rendered home/index.html.erb within layouts/application (12.2ms)
Completed 200 OK in 1325ms (Views: 1316.6ms | ActiveRecord: 0.0ms)


Started GET "/home/index" for 127.0.0.1 at 2018-05-31 22:12:07 +0200
Processing by HomeController#index as HTML
  Rendering home/index.html.erb within layouts/application
  Rendered home/index.html.erb within layouts/application (5.5ms)
Completed 200 OK in 684ms (Views: 662.1ms | ActiveRecord: 0.0ms)


Started GET "/home/index" for 127.0.0.1 at 2018-05-31 22:12:19 +0200
Processing by HomeController#index as HTML
  Rendering home/index.html.erb within layouts/application
  Rendered home/index.html.erb within layouts/application (6.2ms)
Completed 200 OK in 750ms (Views: 736.7ms | ActiveRecord: 0.0ms)


Started GET "/home/index" for 127.0.0.1 at 2018-05-31 22:14:10 +0200
Processing by HomeController#index as HTML
  Rendering home/index.html.erb within layouts/application
  Rendered home/index.html.erb within layouts/application (12.5ms)
Completed 200 OK in 906ms (Views: 893.2ms | ActiveRecord: 0.0ms)


Started GET "/home/index" for 127.0.0.1 at 2018-05-31 22:15:53 +0200
Processing by HomeController#index as HTML
  Rendering home/index.html.erb within layouts/application
  Rendered home/index.html.erb within layouts/application (14.0ms)
Completed 200 OK in 430ms (Views: 422.1ms | ActiveRecord: 0.0ms)


Started GET "/home/index" for 127.0.0.1 at 2018-05-31 22:18:02 +0200
Processing by HomeController#index as HTML
  Rendering home/index.html.erb within layouts/application
  Rendered home/index.html.erb within layouts/application (5.6ms)
Completed 200 OK in 482ms (Views: 471.5ms | ActiveRecord: 0.0ms)


Started GET "/home/index" for 127.0.0.1 at 2018-05-31 22:18:37 +0200
Processing by HomeController#index as HTML
  Rendering home/index.html.erb within layouts/application
  Rendered home/index.html.erb within layouts/application (18.7ms)
Completed 200 OK in 768ms (Views: 757.9ms | ActiveRecord: 0.0ms)


Started GET "/home/index" for 127.0.0.1 at 2018-05-31 22:19:10 +0200
Processing by HomeController#index as HTML
  Rendering home/index.html.erb within layouts/application
  Rendered home/index.html.erb within layouts/application (10.2ms)
Completed 200 OK in 723ms (Views: 714.6ms | ActiveRecord: 0.0ms)


